video.obj : error LNK2001: unresolved external symbol "public: void __thiscall cv::Mat::copySize(class cv::Mat const &)" (?copySize@Mat@cv@@QAEXABV12@@Z)
video.obj : error LNK2001: unresolved external symbol "void __cdecl cv::fastFree(void *)" (?fastFree@cv@@YAXPAX@Z)
video.obj : error LNK2001: unresolved external symbol "public: void __thiscall cv::Mat::deallocate(void)" (?deallocate@Mat@cv@@QAEXXZ)
video.obj : error LNK2001: unresolved external symbol "public: __thiscall cv::VideoCapture::VideoCapture(void)" (??0VideoCapture@cv@@QAE@XZ)
video.obj : error LNK2001: unresolved external symbol "public: virtual __thiscall cv::VideoCapture::~VideoCapture(void)" (??1VideoCapture@cv@@UAE@XZ)
video.obj : error LNK2001: unresolved external symbol "void __cdecl cv::imshow(class std::basic_string<char,struct std::char_traits<char>,class std::allocator<char> > const &,class cv::_InputArray const &)" (?imshow@cv@@YAXABV?$basic_string@DU?$char_traits@D@std@@V?$allocator@D@2@@std@@ABV_InputArray@1@@Z)
video.obj : error LNK2001: unresolved external symbol "void __cdecl cv::cvtColor(class cv::_InputArray const &,class cv::_OutputArray const &,int,int)" (?cvtColor@cv@@YAXABV_InputArray@1@ABV_OutputArray@1@HH@Z)
video.obj : error LNK2001: unresolved external symbol "void __cdecl cv::inRange(class cv::_InputArray const &,class cv::_InputArray const &,class cv::_InputArray const &,class cv::_OutputArray const &)" (?inRange@cv@@YAXABV_InputArray@1@00ABV_OutputArray@1@@Z)
video.obj : error LNK2001: unresolved external symbol _glfwWindowShouldClose
video.obj : error LNK2001: unresolved external symbol "public: virtual bool __thiscall cv::VideoCapture::read(class cv::_OutputArray const &)" (?read@VideoCapture@cv@@UAE_NABV_OutputArray@2@@Z)
video.obj : error LNK2001: unresolved external symbol _glfwSetWindowShouldClose
video.obj : error LNK2001: unresolved external symbol _glfwSwapBuffers
video.obj : error LNK2001: unresolved external symbol _glfwPollEvents
video.obj : error LNK2001: unresolved external symbol "void __cdecl cv::line(class cv::_InputOutputArray const &,class cv::Point_<int>,class cv::Point_<int>,class cv::Scalar_<double> const &,int,int,int)" (?line@cv@@YAXABV_InputOutputArray@1@V?$Point_@H@1@1ABV?$Scalar_@N@1@HHH@Z)
video.obj : error LNK2001: unresolved external symbol "void __cdecl cv::split(class cv::_InputArray const &,class cv::_OutputArray const &)" (?split@cv@@YAXABV_InputArray@1@ABV_OutputArray@1@@Z)
video.obj : error LNK2001: unresolved external symbol "public: __thiscall cv::VideoCapture::VideoCapture(class std::basic_string<char,struct std::char_traits<char>,class std::allocator<char> > const &,int)" (??0VideoCapture@cv@@QAE@ABV?$basic_string@DU?$char_traits@D@std@@V?$allocator@D@2@@std@@H@Z)
video.obj : error LNK2001: unresolved external symbol "public: virtual bool __thiscall cv::VideoCapture::isOpened(void)const " (?isOpened@VideoCapture@cv@@UBE_NXZ)
video.obj : error LNK2001: unresolved external symbol "public: virtual double __thiscall cv::VideoCapture::get(int)const " (?get@VideoCapture@cv@@UBENH@Z)
video.obj : error LNK2001: unresolved external symbol _glfwSetErrorCallback
video.obj : error LNK2001: unresolved external symbol _glfwInit
video.obj : error LNK2001: unresolved external symbol _glfwWindowHint
video.obj : error LNK2001: unresolved external symbol _glfwCreateWindow
video.obj : error LNK2001: unresolved external symbol _glfwGetVersion
video.obj : error LNK2001: unresolved external symbol _glfwMakeContextCurrent
video.obj : error LNK2001: unresolved external symbol _glfwGetFramebufferSize
video.obj : error LNK2001: unresolved external symbol _glfwSwapInterval
video.obj : error LNK2001: unresolved external symbol _glfwGetTime
video.obj : error LNK2001: unresolved external symbol __imp__glewInit@0
video.obj : error LNK2001: unresolved external symbol __imp__glewGetErrorString@4
video.obj : error LNK2001: unresolved external symbol __imp__glewGetString@4
video.obj : error LNK2001: unresolved external symbol __imp__wglewInit@0
video.obj : error LNK2001: unresolved external symbol _glfwDestroyWindow
video.obj : error LNK2001: unresolved external symbol _glfwTerminate
C:\Users\JaroslavVondrak\source\repos\ConsoleApplication1\ConsoleApplication1_zaloha1\Release\ConsoleApplication1.exe : fatal error LNK1120: 33 unresolved externals
